
> dot-app@1.0.0 build
> next build

▲ Next.js 16.1.6 (Turbopack)
- Environments: .env.local, .env.production
- Experiments (use with caution):
  · serverActions

  Creating an optimized production build ...
✓ Compiled successfully in 7.9s
  Running TypeScript ...
Failed to compile.

./components/dashboard/housing/TaskCard.tsx:148:34
Type error: Property '$id' does not exist on type '{ id: string; createdAt: string; updatedAt: string; title: string; description: string; status: "open" | "pending" | "approved" | "rejected" | "expired" | "locked"; type: "duty" | "bounty" | "project" | "one_off"; ... 11 more ...; completed_at?: string | ... 1 more ... | undefined; }'.

[0m [90m 146 |[39m     [36mtry[39m {
 [90m 147 |[39m       [36mconst[39m { jwt } [33m=[39m [36mawait[39m account[33m.[39mcreateJWT()[33m;[39m
[31m[1m>[22m[39m[90m 148 |[39m       [36mawait[39m claimTaskAction(task[33m.[39m$id[33m,[39m userId[33m,[39m jwt)[33m;[39m
 [90m     |[39m                                  [31m[1m^[22m[39m
 [90m 149 |[39m       toast[33m.[39msuccess([32m"Bounty Claimed!"[39m)[33m;[39m
 [90m 150 |[39m       onRefresh()[33m;[39m
 [90m 151 |[39m     } [36mcatch[39m {[0m
Next.js build worker exited with code: 1 and signal: null
